This file contains any messages produced by compilers while
running configure, to aid debugging if configure makes a mistake.

It was created by xerces-c configure 3.2.3, which was
generated by GNU Autoconf 2.69.  Invocation command line was

  $ ./configure 

## --------- ##
## Platform. ##
## --------- ##

hostname = DESKTOP-8OPL3IE
uname -m = x86_64
uname -r = 3.4.7-25de8b84.x86_64
uname -s = MINGW64_NT-10.0-19045
uname -v = 2023-08-28 21:32 UTC

/usr/bin/uname -p = unknown
/bin/uname -X     = unknown

/bin/arch              = x86_64
/usr/bin/arch -k       = unknown
/usr/convex/getsysinfo = unknown
/usr/bin/hostinfo      = unknown
/bin/machine           = unknown
/usr/bin/oslevel       = unknown
/bin/universe          = unknown

PATH: .;/bin;/cygdrive/c/cygwin64/bin/;/c/msys64/usr/bin;/c/Users/john/bin
PATH: /mingw64/bin
PATH: /usr/local/bin
PATH: /usr/bin
PATH: /bin
PATH: /mingw64/bin
PATH: /usr/bin
PATH: /c/Users/john/bin
PATH: /c/graalvm-jdk-20_windows-x64_bin/graalvm-jdk-20.0.2+9.1/bin
PATH: /c/Users/john/Downloads/openjdk-20.0.2/jdk-20.0.2/bin
PATH: /c/Gradle/gradle-8.2.1/bin
PATH: /c/Program Files/Microsoft/jdk-11.0.16.101-hotspot/bin
PATH: /c/Python311/Scripts
PATH: /c/Python311
PATH: /c/Python27
PATH: /c/Unicon/bin
PATH: /c/Program Files/Alacritty
PATH: /c/Windows/system32
PATH: /c/Windows
PATH: /c/Windows/System32/Wbem
PATH: /c/Windows/System32/WindowsPowerShell/v1.0
PATH: /c/Windows/System32/OpenSSH
PATH: /c/Program Files/NVIDIA Corporation/NVIDIA NvDLISR
PATH: /c/Program Files (x86)/NVIDIA Corporation/PhysX/Common
PATH: /c/ProgramData/chocolatey/bin
PATH: /c/Program Files (x86)/Yarn/bin
PATH: /c/Program Files/TortoiseSVN/bin
PATH: /c/Program Files/dotnet
PATH: /c/Program Files/nodejs
PATH: /cmd
PATH: /c/Users/john/.cargo/bin
PATH: /c/Users/john/AppData/Local/Programs/Python/Python311/Scripts
PATH: /c/Users/john/AppData/Local/Microsoft/WindowsApps
PATH: /c/Users/john/AppData/Local/Yarn/bin
PATH: /c/apache-maven-3.8.4-bin/apache-maven-3.8.4/bin
PATH: /c/apache-ant-1.10.12-bin/apache-ant-1.10.12/bin
PATH: /c/Program Files/JetBrains/PyCharm Community Edition 2023.2/bin
PATH: /c/Users/john/.dotnet/tools
PATH: /c/Users/john/AppData/Local/Programs/Microsoft VS Code/bin
PATH: /c/Program Files/swipl/bin
PATH: /c/Users/john/AppData/Roaming/npm
PATH: /c/tools/neovim/nvim-win64/bin
PATH: /c/Users/john/Downloads/ffmpeg-master-latest-win64-gpl/ffmpeg-master-latest-win64-gpl/bin
PATH: /usr/bin/vendor_perl
PATH: /usr/bin/core_perl


## ----------- ##
## Core tests. ##
## ----------- ##

configure:2928: checking build system type
configure:2942: result: x86_64-pc-mingw64
configure:2962: checking host system type
configure:2975: result: x86_64-pc-mingw64
configure:3008: checking whether make supports nested variables
configure:3025: result: no
configure:3052: checking for a BSD-compatible install
configure:3120: result: /usr/bin/install -c
configure:3131: checking whether build environment is sane
configure:3186: result: yes
configure:3337: checking for a thread-safe mkdir -p
configure:3376: result: /usr/bin/mkdir -p
configure:3383: checking for gawk
configure:3399: found /usr/bin/gawk
configure:3410: result: gawk
configure:3421: checking whether make sets $(MAKE)
configure:3447: result: no
configure:3539: checking whether UID '197609' is supported by ustar format
configure:3542: result: yes
configure:3549: checking whether GID '197609' is supported by ustar format
configure:3552: result: yes
configure:3560: checking how to create a ustar tar archive
configure:3571: tar --version
tar (GNU tar) 1.34
Copyright (C) 2021 Free Software Foundation, Inc.
License GPLv3+: GNU GPL version 3 or later <https://gnu.org/licenses/gpl.html>.
This is free software: you are free to change and redistribute it.
There is NO WARRANTY, to the extent permitted by law.

Written by John Gilmore and Jay Fenlason.
configure:3574: $? = 0
configure:3614: tardir=conftest.dir && eval tar --format=ustar -chf - "$tardir" >conftest.tar
configure:3617: $? = 0
configure:3621: tar -xf - <conftest.tar
configure:3624: $? = 0
configure:3626: cat conftest.dir/file
GrepMe
configure:3629: $? = 0
configure:3642: result: gnutar
configure:3693: checking whether to enable maintainer-specific portions of Makefiles
configure:3702: result: no
configure:3717: checking whether to use rpath
configure:3726: result: yes
configure:3788: checking for g++
configure:3818: result: no
configure:3788: checking for c++
configure:3818: result: no
configure:3788: checking for gpp
configure:3818: result: no
configure:3788: checking for aCC
configure:3818: result: no
configure:3788: checking for CC
configure:3818: result: no
configure:3788: checking for cxx
configure:3818: result: no
configure:3788: checking for cc++
configure:3818: result: no
configure:3788: checking for cl.exe
configure:3818: result: no
configure:3788: checking for FCC
configure:3818: result: no
configure:3788: checking for KCC
configure:3818: result: no
configure:3788: checking for RCC
configure:3818: result: no
configure:3788: checking for xlC_r
configure:3818: result: no
configure:3788: checking for xlC
configure:3818: result: no
configure:3842: checking for C++ compiler version
configure:3851: g++ --version >&5
./configure: line 3853: g++: command not found
configure:3862: $? = 127
configure:3851: g++ -v >&5
./configure: line 3853: g++: command not found
configure:3862: $? = 127
configure:3851: g++ -V >&5
./configure: line 3853: g++: command not found
configure:3862: $? = 127
configure:3851: g++ -qversion >&5
./configure: line 3853: g++: command not found
configure:3862: $? = 127
configure:3882: checking whether the C++ compiler works
configure:3904: g++    conftest.cpp  >&5
./configure: line 3906: g++: command not found
configure:3908: $? = 127
configure:3946: result: no
configure: failed program was:
| /* confdefs.h */
| #define PACKAGE_NAME "xerces-c"
| #define PACKAGE_TARNAME "xerces-c"
| #define PACKAGE_VERSION "3.2.3"
| #define PACKAGE_STRING "xerces-c 3.2.3"
| #define PACKAGE_BUGREPORT ""
| #define PACKAGE_URL ""
| #define XERCES_VERSION_MAJOR 3
| #define XERCES_VERSION_MINOR 2
| #define XERCES_VERSION_REVISION 3
| #define INTERFACE_VERSION_MAJOR 3
| #define INTERFACE_VERSION_MINOR 2
| #define XERCES_GRAMMAR_SERIALIZATION_LEVEL 7
| #define PACKAGE "xerces-c"
| #define VERSION "3.2.3"
| /* end confdefs.h.  */
| 
| int
| main ()
| {
| 
|   ;
|   return 0;
| }
configure:3951: error: in `/c/Users/john/X3DJSONLD/src/main/cplusplus/xerces-c-3.2.3':
configure:3953: error: C++ compiler cannot create executables
See `config.log' for more details

## ---------------- ##
## Cache variables. ##
## ---------------- ##

ac_cv_build=x86_64-pc-mingw64
ac_cv_env_CCC_set=
ac_cv_env_CCC_value=
ac_cv_env_CC_set=
ac_cv_env_CC_value=
ac_cv_env_CFLAGS_set=
ac_cv_env_CFLAGS_value=
ac_cv_env_CPPFLAGS_set=
ac_cv_env_CPPFLAGS_value=
ac_cv_env_CPP_set=
ac_cv_env_CPP_value=
ac_cv_env_CXXCPP_set=
ac_cv_env_CXXCPP_value=
ac_cv_env_CXXFLAGS_set=
ac_cv_env_CXXFLAGS_value=
ac_cv_env_CXX_set=
ac_cv_env_CXX_value=
ac_cv_env_LDFLAGS_set=
ac_cv_env_LDFLAGS_value=
ac_cv_env_LIBS_set=
ac_cv_env_LIBS_value=
ac_cv_env_LT_SYS_LIBRARY_PATH_set=
ac_cv_env_LT_SYS_LIBRARY_PATH_value=
ac_cv_env_build_alias_set=
ac_cv_env_build_alias_value=
ac_cv_env_host_alias_set=
ac_cv_env_host_alias_value=
ac_cv_env_target_alias_set=
ac_cv_env_target_alias_value=
ac_cv_host=x86_64-pc-mingw64
ac_cv_path_install='/usr/bin/install -c'
ac_cv_path_mkdir=/usr/bin/mkdir
ac_cv_prog_AWK=gawk
ac_cv_prog_make_make_set=no
am_cv_make_support_nested_variables=no
am_cv_prog_tar_ustar=gnutar
xerces_cv_rpath=yes

## ----------------- ##
## Output variables. ##
## ----------------- ##

ACLOCAL='${SHELL} /c/Users/john/X3DJSONLD/src/main/cplusplus/xerces-c-3.2.3/config/missing aclocal-1.16'
AMDEPBACKSLASH=''
AMDEP_FALSE=''
AMDEP_TRUE=''
AMTAR='$${TAR-tar}'
AM_BACKSLASH='\'
AM_DEFAULT_V='0'
AM_DEFAULT_VERBOSITY='0'
AM_V='0'
AR=''
AS=''
AUTOCONF='${SHELL} /c/Users/john/X3DJSONLD/src/main/cplusplus/xerces-c-3.2.3/config/missing autoconf'
AUTOHEADER='${SHELL} /c/Users/john/X3DJSONLD/src/main/cplusplus/xerces-c-3.2.3/config/missing autoheader'
AUTOMAKE='${SHELL} /c/Users/john/X3DJSONLD/src/main/cplusplus/xerces-c-3.2.3/config/missing automake-1.16'
AWK='gawk'
BUILD_SHARED=''
BUILD_STATIC=''
CC=''
CCDEPMODE=''
CFLAGS=''
CPP=''
CPPFLAGS=''
CURL_FLAGS=''
CURL_LIBS=''
CURL_PRESENT=''
CXX='g++'
CXXCPP=''
CXXDEPMODE=''
CXXFLAGS=''
CYGPATH_W='cygpath -w'
DEFS=''
DEPDIR=''
DLLTOOL=''
DSYMUTIL=''
DUMPBIN=''
ECHO_C=''
ECHO_N='-n'
ECHO_T=''
EGREP=''
EXEEXT=''
FGREP=''
GREP=''
ICU_BIN=''
ICU_FLAGS=''
ICU_LIBS=''
ICU_PRESENT=''
ICU_SBIN=''
INSTALL_DATA='${INSTALL} -m 644'
INSTALL_PROGRAM='${INSTALL}'
INSTALL_SCRIPT='${INSTALL}'
INSTALL_STRIP_PROGRAM='$(install_sh) -c -s'
INTERFACE_VERSION_D='3.2'
INTERFACE_VERSION_MAJOR='3'
INTERFACE_VERSION_MINOR='2'
INTERFACE_VERSION_U='3_2'
LD=''
LDFLAGS=''
LIBOBJS=''
LIBS=''
LIBTOOL=''
LIPO=''
LN_S=''
LTLIBOBJS=''
LT_SYS_LIBRARY_PATH=''
MAINT='#'
MAINTAINER_MODE_FALSE=''
MAINTAINER_MODE_TRUE='#'
MAKEINFO='${SHELL} /c/Users/john/X3DJSONLD/src/main/cplusplus/xerces-c-3.2.3/config/missing makeinfo'
MANIFEST_TOOL=''
MKDIR_P='/usr/bin/mkdir -p'
NM=''
NMEDIT=''
OBJDUMP=''
OBJEXT=''
OTOOL64=''
OTOOL=''
PACKAGE='xerces-c'
PACKAGE_BUGREPORT=''
PACKAGE_NAME='xerces-c'
PACKAGE_STRING='xerces-c 3.2.3'
PACKAGE_TARNAME='xerces-c'
PACKAGE_URL=''
PACKAGE_VERSION='3.2.3'
PATH_SEPARATOR=':'
PTHREAD_CC=''
PTHREAD_CFLAGS=''
PTHREAD_LIBS=''
RANLIB=''
SED=''
SET_MAKE='MAKE=make'
SHELL='/bin/sh'
SHREXT=''
STRIP=''
VERSION='3.2.3'
XERCES_USE_CHAR16_FALSE=''
XERCES_USE_CHAR16_TRUE=''
XERCES_USE_FILEMGR_POSIX_FALSE=''
XERCES_USE_FILEMGR_POSIX_TRUE=''
XERCES_USE_FILEMGR_WINDOWS_FALSE=''
XERCES_USE_FILEMGR_WINDOWS_TRUE=''
XERCES_USE_MSGLOADER_ICONV_FALSE=''
XERCES_USE_MSGLOADER_ICONV_TRUE=''
XERCES_USE_MSGLOADER_ICU_FALSE=''
XERCES_USE_MSGLOADER_ICU_TRUE=''
XERCES_USE_MSGLOADER_INMEMORY_FALSE=''
XERCES_USE_MSGLOADER_INMEMORY_TRUE=''
XERCES_USE_MUTEXMGR_NOTHREAD_FALSE=''
XERCES_USE_MUTEXMGR_NOTHREAD_TRUE=''
XERCES_USE_MUTEXMGR_POSIX_FALSE=''
XERCES_USE_MUTEXMGR_POSIX_TRUE=''
XERCES_USE_MUTEXMGR_STD_FALSE=''
XERCES_USE_MUTEXMGR_STD_TRUE=''
XERCES_USE_MUTEXMGR_WINDOWS_FALSE=''
XERCES_USE_MUTEXMGR_WINDOWS_TRUE=''
XERCES_USE_NETACCESSOR_CFURL_FALSE=''
XERCES_USE_NETACCESSOR_CFURL_TRUE=''
XERCES_USE_NETACCESSOR_CURL_FALSE=''
XERCES_USE_NETACCESSOR_CURL_TRUE=''
XERCES_USE_NETACCESSOR_SOCKET_FALSE=''
XERCES_USE_NETACCESSOR_SOCKET_TRUE=''
XERCES_USE_NETACCESSOR_WINSOCK_FALSE=''
XERCES_USE_NETACCESSOR_WINSOCK_TRUE=''
XERCES_USE_TRANSCODER_GNUICONV_FALSE=''
XERCES_USE_TRANSCODER_GNUICONV_TRUE=''
XERCES_USE_TRANSCODER_ICONV_FALSE=''
XERCES_USE_TRANSCODER_ICONV_TRUE=''
XERCES_USE_TRANSCODER_ICU_FALSE=''
XERCES_USE_TRANSCODER_ICU_TRUE=''
XERCES_USE_TRANSCODER_MACOSUNICODECONVERTER_FALSE=''
XERCES_USE_TRANSCODER_MACOSUNICODECONVERTER_TRUE=''
XERCES_USE_TRANSCODER_WINDOWS_FALSE=''
XERCES_USE_TRANSCODER_WINDOWS_TRUE=''
XERCES_VERSION_MAJOR='3'
XERCES_VERSION_MINOR='2'
XERCES_VERSION_REVISION='3'
abs_top_builddir=''
abs_top_srcdir=''
ac_ct_AR=''
ac_ct_CC=''
ac_ct_CXX=''
ac_ct_DUMPBIN=''
acx_pthread_config=''
am__EXEEXT_FALSE=''
am__EXEEXT_TRUE=''
am__fastdepCC_FALSE=''
am__fastdepCC_TRUE=''
am__fastdepCXX_FALSE=''
am__fastdepCXX_TRUE=''
am__include=''
am__isrc=''
am__leading_dot='.'
am__nodep=''
am__quote=''
am__tar='tar --format=ustar -chf - "$$tardir"'
am__untar='tar -xf -'
bindir='${exec_prefix}/bin'
build='x86_64-pc-mingw64'
build_alias=''
build_cpu='x86_64'
build_os='mingw64'
build_vendor='pc'
curl_config=''
datadir='${datarootdir}'
datarootdir='${prefix}/share'
docdir='${datarootdir}/doc/${PACKAGE_TARNAME}'
dvidir='${docdir}'
exec_prefix='NONE'
host='x86_64-pc-mingw64'
host_alias=''
host_cpu='x86_64'
host_os='mingw64'
host_vendor='pc'
htmldir='${docdir}'
icu_config=''
includedir='${prefix}/include'
infodir='${datarootdir}/info'
install_sh='${SHELL} /c/Users/john/X3DJSONLD/src/main/cplusplus/xerces-c-3.2.3/config/install-sh'
libdir='${exec_prefix}/lib'
libexecdir='${exec_prefix}/libexec'
localedir='${datarootdir}/locale'
localstatedir='${prefix}/var'
mandir='${datarootdir}/man'
mkdir_p='$(MKDIR_P)'
oldincludedir='/usr/include'
pdfdir='${docdir}'
pkgconfigdir=''
prefix='NONE'
program_transform_name='s,x,x,'
psdir='${docdir}'
sbindir='${exec_prefix}/sbin'
sharedstatedir='${prefix}/com'
sysconfdir='${prefix}/etc'
target_alias=''

## ----------- ##
## confdefs.h. ##
## ----------- ##

/* confdefs.h */
#define PACKAGE_NAME "xerces-c"
#define PACKAGE_TARNAME "xerces-c"
#define PACKAGE_VERSION "3.2.3"
#define PACKAGE_STRING "xerces-c 3.2.3"
#define PACKAGE_BUGREPORT ""
#define PACKAGE_URL ""
#define XERCES_VERSION_MAJOR 3
#define XERCES_VERSION_MINOR 2
#define XERCES_VERSION_REVISION 3
#define INTERFACE_VERSION_MAJOR 3
#define INTERFACE_VERSION_MINOR 2
#define XERCES_GRAMMAR_SERIALIZATION_LEVEL 7
#define PACKAGE "xerces-c"
#define VERSION "3.2.3"

configure: exit 77
